= Host-specific information ====================================================
$> hostname; uname -msr
e1r9p10.42.fr
Darwin 16.7.0 x86_64
$> date
Mon Dec  4 11:23:33 CET 2017
$> gcc --version
Configured with: --prefix=/Applications/Xcode.app/Contents/Developer/usr --with-gxx-include-dir=/usr/include/c++/4.2.1
Apple LLVM version 9.0.0 (clang-900.0.38)
Target: x86_64-apple-darwin16.7.0
Thread model: posix
InstalledDir: /Applications/Xcode.app/Contents/Developer/Toolchains/XcodeDefault.xctoolchain/usr/bin
$> clang --version
Apple LLVM version 9.0.0 (clang-900.0.38)
Target: x86_64-apple-darwin16.7.0
Thread model: posix
InstalledDir: /Applications/Xcode.app/Contents/Developer/Toolchains/XcodeDefault.xctoolchain/usr/bin

= User files collection ========================================================
Collecting user files from Vogsphere
Repository URL: auto-exam/2017/c-exam-alone-in-the-dark-beginner/practice-exam_20171204/wfoulon

= Git history ==================================================================
$> git -C /var/folders/qp/grm9xv990wg4ppq1dr9_9r8m0000gq/T/tmpAHc9Bv/user log --pretty='%H - %an, %ad : %s'
f65e518e297e51392f082befe9ced863932029b1 - Wilfrid FOULON, Mon Dec 4 11:23:17 2017 +0100 : firstpush
 
= Collected files ==========================================
$> ls -lAR /var/folders/qp/grm9xv990wg4ppq1dr9_9r8m0000gq/T/tmpAHc9Bv/user
total 8
-rw-r--r--  1 deepthought  deepthought  228 Dec  4 11:23 __GIT_HISTORY
drwxr-xr-x  3 deepthought  deepthought  102 Dec  4 11:23 ft_swap

/var/folders/qp/grm9xv990wg4ppq1dr9_9r8m0000gq/T/tmpAHc9Bv/user/ft_swap:
total 8
-rw-r--r--  1 deepthought  deepthought  968 Dec  4 11:23 ft_swap.c
 
= ft_swap ======================================================================
$> clang -Wextra -Wall -Werror ft_swap.c main.c -o user_exe 

= Test 1 ===================================================
$> ./iqi1g40ni6sbckicqyxvbf92 "-1475275308" "134954054"
$> diff -U 3 user_output_test1 test1.output | cat -e
--- user_output_test1	2017-12-04 11:23:36.000000000 +0100$
+++ test1.output	2017-12-04 11:23:36.000000000 +0100$
@@ -1,2 +1,2 @@$
 -1475275308 134954054$
-134954054 134954054$
+134954054 -1475275308$

Diff KO :(
Grade: 0

= Final grade: 0 ===============================================================
