= Host-specific information ====================================================
$> hostname; uname -msr
e3r11p10.42.fr
Darwin 16.7.0 x86_64
$> date
Fri Dec 15 13:02:03 CET 2017
$> gcc --version
Configured with: --prefix=/Applications/Xcode.app/Contents/Developer/usr --with-gxx-include-dir=/usr/include/c++/4.2.1
Apple LLVM version 9.0.0 (clang-900.0.38)
Target: x86_64-apple-darwin16.7.0
Thread model: posix
InstalledDir: /Applications/Xcode.app/Contents/Developer/Toolchains/XcodeDefault.xctoolchain/usr/bin
$> clang --version
Apple LLVM version 9.0.0 (clang-900.0.38)
Target: x86_64-apple-darwin16.7.0
Thread model: posix
InstalledDir: /Applications/Xcode.app/Contents/Developer/Toolchains/XcodeDefault.xctoolchain/usr/bin

= User files collection ========================================================
Collecting user files from Vogsphere
Repository URL: auto-exam/2017/c-exam-alone-in-the-dark-beginner/practice-exam_20171215/wfoulon

= Git history ==================================================================
$> git -C /var/folders/cy/q1t35jhs1gq75913lcwn9fhh0000gq/T/tmpU5Si2L/user log --pretty='%H - %an, %ad : %s'
017c0f70421f4ebbe8a3d8318a5730589bd07a20 - Wilfrid FOULON, Fri Dec 15 13:01:43 2017 +0100 : secondpush
11fbc72f5fc4e80404f697f88c986d55397c063b - Wilfrid FOULON, Fri Dec 15 11:07:59 2017 +0100 : firstpush
 
= Collected files ==========================================
$> ls -lAR /var/folders/cy/q1t35jhs1gq75913lcwn9fhh0000gq/T/tmpU5Si2L/user
total 8
-rw-r--r--  1 deepthought  deepthought  492 Dec 15 13:02 __GIT_HISTORY
drwxr-xr-x  3 deepthought  deepthought  102 Dec 15 13:02 ft_strpbrk
drwxr-xr-x  3 deepthought  deepthought  102 Dec 15 13:02 ft_swap

/var/folders/cy/q1t35jhs1gq75913lcwn9fhh0000gq/T/tmpU5Si2L/user/ft_strpbrk:
total 8
-rw-r--r--  1 deepthought  deepthought  1297 Dec 15 13:02 ft_strpbrk.c

/var/folders/cy/q1t35jhs1gq75913lcwn9fhh0000gq/T/tmpU5Si2L/user/ft_swap:
total 8
-rw-r--r--  1 deepthought  deepthought  968 Dec 15 13:02 ft_swap.c
 
= ft_strpbrk ===================================================================
$> clang -Wextra -Wall -Werror main.c ft_strpbrk.c -o user_exe 

= Test 1 ===================================================
$> ./9afr38nvc7dt245m1vzt7uts 'chat' 'chien'
$> diff -U 3 user_output_test1 test1.output | cat -e

Diff OK :D
= Test 2 ===================================================
$> ./3hyor3v7ohtlxoc2n43z21gp 'ABCDEFG019874' 'ABCD'
$> diff -U 3 user_output_test2 test2.output | cat -e

Diff OK :D
= Test 3 ===================================================
$> ./crglds3x6m8uisht6bpfpwk8 ' ' '1234567890'
$> diff -U 3 user_output_test3 test3.output | cat -e

Diff OK :D
= Test 4 ===================================================
$> ./31cv5p2b7mw7gfjaokrli9nk '1234567890' ' '
$> diff -U 3 user_output_test4 test4.output | cat -e

Diff OK :D
= Test 5 ===================================================
$> ./btdpxbm289b1eewlorwgud3i ';fjhbsdnc xwpusgrhbs' 'opsiyhgvdzbnciox'
$> diff -U 3 user_output_test5 test5.output | cat -e

Diff OK :D
= Test 6 ===================================================
$> ./4wdd8n28shatxaga78xlfpa2 '0987654321' '1234567890'
$> diff -U 3 user_output_test6 test6.output | cat -e

Diff OK :D
= Test 7 ===================================================
$> ./wjxxnmhjv9fdjxwm160osh6f '/bin/ls/' '/bien/ls/~'
$> diff -U 3 user_output_test7 test7.output | cat -e

Diff OK :D
= Test 8 ===================================================
$> ./yufjg6wza66va13ya3lni798 '~`,./<>?!@#$%^&*()-+_{}[]|\' 'abcdefghijklmnopqrstuvzxyz'
$> diff -U 3 user_output_test8 test8.output | cat -e

Diff OK :D
= Test 9 ===================================================
$> ./gr4ftadwnebknv9fdwnvocge 'Farenheit' 'Degree'
$> diff -U 3 user_output_test9 test9.output | cat -e

Diff OK :D
= Test 10 ==================================================
$> ./48rzkqggnci2euhiw2fms2sn 'Et quoniam inedia gravi adflictabantur, locum petivere Paleas nomine, vergentem in mare, valido muro firmatum, ubi conduntur nunc usque commeatus distribui militibus omne latus Isauriae defendentibus adsueti. circumstetere igitur hoc munimentum per triduum et trinoctium et cum neque adclivitas ipsa sine discrimine adiri letali, nec cuniculis quicquam geri posset, nec procederet ullum obsidionale commentum, maesti excedunt postrema vi subigente maiora viribus adgressuri.' 'Et quoniam inedia gravi adflictabantur, locum petivere Paleas nomine, vergentem in mare, valido muro firmatum, ubi conduntur nunc usque commeatus distribui militibus omne latus Isauriae defendentibus adsueti. circumstetere igitur hoc munimentum per triduum et trinoctium et cum neque adclivitas ipsa sine discrimine adiri letali, nec cuniculis quicquam geri posset, nec procederet ullum obsidionale commentum, maesti excedunt postrema vi subigente maiora viribus adgressuri.'
$> diff -U 3 user_output_test10 test10.output | cat -e

Diff OK :D
Grade: 1

= Final grade: 1 ===============================================================
