= Host-specific information ====================================================
$> hostname; uname -msr
e2r13p12.42.fr
Darwin 16.7.0 x86_64
$> date
Mon Dec 18 13:58:22 CET 2017
$> gcc --version
Configured with: --prefix=/Applications/Xcode.app/Contents/Developer/usr --with-gxx-include-dir=/usr/include/c++/4.2.1
Apple LLVM version 9.0.0 (clang-900.0.38)
Target: x86_64-apple-darwin16.7.0
Thread model: posix
InstalledDir: /Applications/Xcode.app/Contents/Developer/Toolchains/XcodeDefault.xctoolchain/usr/bin
$> clang --version
Apple LLVM version 9.0.0 (clang-900.0.38)
Target: x86_64-apple-darwin16.7.0
Thread model: posix
InstalledDir: /Applications/Xcode.app/Contents/Developer/Toolchains/XcodeDefault.xctoolchain/usr/bin

= User files collection ========================================================
Collecting user files from Vogsphere
Repository URL: auto-exam/2017/c-exam-alone-in-the-dark-beginner/practice-exam_20171218/wfoulon

= Git history ==================================================================
$> git -C /var/folders/xt/_61g6f4d2j50_fw_qytq610w0000gq/T/tmpd43JxM/user log --pretty='%H - %an, %ad : %s'
de624f7ccd4db72c520c5f0aff98185b628e3071 - Wilfrid FOULON, Mon Dec 18 13:58:07 2017 +0100 : thirdexo
54e0df8fbcad85570224827960ae18310d79b7bd - Wilfrid FOULON, Mon Dec 18 12:51:13 2017 +0100 : secondexo
e29c4fbd022df12e9412e69389ff2bc9eb788fa6 - Wilfrid FOULON, Mon Dec 18 12:29:26 2017 +0100 : firstexo
 
= Collected files ==========================================
$> ls -lAR /var/folders/xt/_61g6f4d2j50_fw_qytq610w0000gq/T/tmpd43JxM/user
total 8
-rw-r--r--  1 deepthought  deepthought  723 Dec 18 13:58 __GIT_HISTORY
drwxr-xr-x  3 deepthought  deepthought  102 Dec 18 13:58 ft_putstr
drwxr-xr-x  3 deepthought  deepthought  102 Dec 18 13:58 is_power_of_2
drwxr-xr-x  3 deepthought  deepthought  102 Dec 18 13:58 max

/var/folders/xt/_61g6f4d2j50_fw_qytq610w0000gq/T/tmpd43JxM/user/ft_putstr:
total 8
-rw-r--r--  1 deepthought  deepthought  1058 Dec 18 13:58 ft_putstr.c

/var/folders/xt/_61g6f4d2j50_fw_qytq610w0000gq/T/tmpd43JxM/user/is_power_of_2:
total 8
-rw-r--r--  1 deepthought  deepthought  1075 Dec 18 13:58 is_power_of_2.c

/var/folders/xt/_61g6f4d2j50_fw_qytq610w0000gq/T/tmpd43JxM/user/max:
total 8
-rw-r--r--  1 deepthought  deepthought  1091 Dec 18 13:58 max.c
 
= is_power_of_2 ================================================================
$> clang -Wextra -Wall -Werror is_power_of_2.c main.c -o user_exe 

= Test 1 ===================================================
$> ./h3pl8pxbtfbo3a0ye4a819ub 0
$> diff -U 3 user_output_test1 test1.output | cat -e

Diff OK :D
= Test 2 ===================================================
$> ./2dllinuigrmw10szid1j2w1x 1
$> diff -U 3 user_output_test2 test2.output | cat -e

Diff OK :D
= Test 3 ===================================================
$> ./llyofepzp0z58epnsck2nnic 2
$> diff -U 3 user_output_test3 test3.output | cat -e

Diff OK :D
= Test 4 ===================================================
$> ./1bs7ofl0wwh15wwolqrmrztc 3
$> diff -U 3 user_output_test4 test4.output | cat -e

Diff OK :D
= Test 5 ===================================================
$> ./ykqlgo2jhsrvzptses9cro64 4
$> diff -U 3 user_output_test5 test5.output | cat -e

Diff OK :D
= Test 6 ===================================================
$> ./fpy1h1qjbzf42jr7r1lk8jpl 1234
$> diff -U 3 user_output_test6 test6.output | cat -e

Diff OK :D
= Test 7 ===================================================
$> ./dgi7fu5mj2skl0s44uj6h2dg 2147483646
$> diff -U 3 user_output_test7 test7.output | cat -e

Diff OK :D
= Test 8 ===================================================
$> ./hz55e63pcfyupdddvc0z4piz 2147483648
$> diff -U 3 user_output_test8 test8.output | cat -e

Diff OK :D
= Test 9 ===================================================
$> ./g5ox9pom5xq0cozovhdn51x7 4294967295
$> diff -U 3 user_output_test9 test9.output | cat -e

Diff OK :D
Grade: 1

= Final grade: 1 ===============================================================
